<?xml version="1.0" encoding="utf-8"?><testsuites name="pytest tests"><testsuite name="pytest" errors="0" failures="0" skipped="18" tests="18" time="0.089" timestamp="2026-06-14T16:09:27.757769+00:00" hostname="agent-env-f74a692c-23b9-4ba7-b21d-42f8c5059f0f"><testcase classname="test_purchasing_api" name="test_health" time="0.000"><skipped type="pytest.skip" message="NEXT_PUBLIC_API_URL/REACT_APP_BACKEND_URL is not configured">/tmp/more-phi-landing-page/backend/tests/test_purchasing_api.py:72: NEXT_PUBLIC_API_URL/REACT_APP_BACKEND_URL is not configured</skipped></testcase><testcase classname="test_purchasing_api" name="test_product_metadata" time="0.000"><skipped type="pytest.skip" message="NEXT_PUBLIC_API_URL/REACT_APP_BACKEND_URL is not configured">/tmp/more-phi-landing-page/backend/tests/test_purchasing_api.py:80: NEXT_PUBLIC_API_URL/REACT_APP_BACKEND_URL is not configured</skipped></testcase><testcase classname="test_purchasing_api" name="test_schema_endpoint" time="0.000"><skipped type="pytest.skip" message="NEXT_PUBLIC_API_URL/REACT_APP_BACKEND_URL is not configured">/tmp/more-phi-landing-page/backend/tests/test_purchasing_api.py:91: NEXT_PUBLIC_API_URL/REACT_APP_BACKEND_URL is not configured</skipped></testcase><testcase classname="test_purchasing_api" name="test_docs_text_endpoint" time="0.000"><skipped type="pytest.skip" message="NEXT_PUBLIC_API_URL/REACT_APP_BACKEND_URL is not configured">/tmp/more-phi-landing-page/backend/tests/test_purchasing_api.py:100: NEXT_PUBLIC_API_URL/REACT_APP_BACKEND_URL is not configured</skipped></testcase><testcase classname="test_purchasing_api" name="test_register_duplicate_returns_409" time="0.000"><skipped type="pytest.skip" message="NEXT_PUBLIC_API_URL/REACT_APP_BACKEND_URL is not configured">/tmp/more-phi-landing-page/backend/tests/test_purchasing_api.py:107: NEXT_PUBLIC_API_URL/REACT_APP_BACKEND_URL is not configured</skipped></testcase><testcase classname="test_purchasing_api" name="test_login_success_and_me" time="0.000"><skipped type="pytest.skip" message="NEXT_PUBLIC_API_URL/REACT_APP_BACKEND_URL is not configured">/tmp/more-phi-landing-page/backend/tests/test_purchasing_api.py:123: NEXT_PUBLIC_API_URL/REACT_APP_BACKEND_URL is not configured</skipped></testcase><testcase classname="test_purchasing_api" name="test_login_invalid_credentials_401" time="0.000"><skipped type="pytest.skip" message="NEXT_PUBLIC_API_URL/REACT_APP_BACKEND_URL is not configured">/tmp/more-phi-landing-page/backend/tests/test_purchasing_api.py:147: NEXT_PUBLIC_API_URL/REACT_APP_BACKEND_URL is not configured</skipped></testcase><testcase classname="test_purchasing_api" name="test_auth_required_endpoints_reject_without_token" time="0.000"><skipped type="pytest.skip" message="NEXT_PUBLIC_API_URL/REACT_APP_BACKEND_URL is not configured">/tmp/more-phi-landing-page/backend/tests/test_purchasing_api.py:157: NEXT_PUBLIC_API_URL/REACT_APP_BACKEND_URL is not configured</skipped></testcase><testcase classname="test_purchasing_api" name="test_checkout_validation_422" time="0.000"><skipped type="pytest.skip" message="NEXT_PUBLIC_API_URL/REACT_APP_BACKEND_URL is not configured">/tmp/more-phi-landing-page/backend/tests/test_purchasing_api.py:167: NEXT_PUBLIC_API_URL/REACT_APP_BACKEND_URL is not configured</skipped></testcase><testcase classname="test_purchasing_api" name="test_checkout_creates_pending_order" time="0.000"><skipped type="pytest.skip" message="NEXT_PUBLIC_API_URL/REACT_APP_BACKEND_URL is not configured">/tmp/more-phi-landing-page/backend/tests/test_purchasing_api.py:179: NEXT_PUBLIC_API_URL/REACT_APP_BACKEND_URL is not configured</skipped></testcase><testcase classname="test_purchasing_api" name="test_checkout_ignores_frontend_amount_tampering" time="0.000"><skipped type="pytest.skip" message="NEXT_PUBLIC_API_URL/REACT_APP_BACKEND_URL is not configured">/tmp/more-phi-landing-page/backend/tests/test_purchasing_api.py:205: NEXT_PUBLIC_API_URL/REACT_APP_BACKEND_URL is not configured</skipped></testcase><testcase classname="test_purchasing_api" name="test_empty_licenses_and_invalid_activation" time="0.000"><skipped type="pytest.skip" message="NEXT_PUBLIC_API_URL/REACT_APP_BACKEND_URL is not configured">/tmp/more-phi-landing-page/backend/tests/test_purchasing_api.py:223: NEXT_PUBLIC_API_URL/REACT_APP_BACKEND_URL is not configured</skipped></testcase><testcase classname="test_purchasing_api" name="test_payment_status_requires_auth" time="0.000"><skipped type="pytest.skip" message="NEXT_PUBLIC_API_URL/REACT_APP_BACKEND_URL is not configured">/tmp/more-phi-landing-page/backend/tests/test_purchasing_api.py:241: NEXT_PUBLIC_API_URL/REACT_APP_BACKEND_URL is not configured</skipped></testcase><testcase classname="test_purchasing_api" name="test_preflight_and_cors_headers" time="0.000"><skipped type="pytest.skip" message="NEXT_PUBLIC_API_URL/REACT_APP_BACKEND_URL is not configured">/tmp/more-phi-landing-page/backend/tests/test_purchasing_api.py:246: NEXT_PUBLIC_API_URL/REACT_APP_BACKEND_URL is not configured</skipped></testcase><testcase classname="test_purchasing_api" name="test_disallowed_cors_origin_rejected_on_local_backend" time="0.000"><skipped type="pytest.skip" message="NEXT_PUBLIC_API_URL/REACT_APP_BACKEND_URL is not configured">/tmp/more-phi-landing-page/backend/tests/test_purchasing_api.py:261: NEXT_PUBLIC_API_URL/REACT_APP_BACKEND_URL is not configured</skipped></testcase><testcase classname="test_purchasing_api" name="test_login_rate_limit_returns_429" time="0.001"><skipped type="pytest.skip" message="NEXT_PUBLIC_API_URL/REACT_APP_BACKEND_URL is not configured">/tmp/more-phi-landing-page/backend/tests/test_purchasing_api.py:276: NEXT_PUBLIC_API_URL/REACT_APP_BACKEND_URL is not configured</skipped></testcase><testcase classname="test_plugin_license_api" name="test_plugin_activation_rejects_missing_public_client_token" time="0.000"><skipped type="pytest.skip" message="NEXT_PUBLIC_API_URL/REACT_APP_BACKEND_URL is not configured">/tmp/more-phi-landing-page/backend/tests/test_plugin_license_api.py:34: NEXT_PUBLIC_API_URL/REACT_APP_BACKEND_URL is not configured</skipped></testcase><testcase classname="test_plugin_license_api" name="test_plugin_activation_rejects_unknown_license" time="0.000"><skipped type="pytest.skip" message="NEXT_PUBLIC_API_URL/REACT_APP_BACKEND_URL is not configured">/tmp/more-phi-landing-page/backend/tests/test_plugin_license_api.py:49: NEXT_PUBLIC_API_URL/REACT_APP_BACKEND_URL is not configured</skipped></testcase></testsuite></testsuites>