<?xml version="1.0" encoding="utf-8"?><testsuites name="pytest tests"><testsuite name="pytest" errors="0" failures="0" skipped="3" tests="3" time="0.063" timestamp="2026-06-14T16:34:28.799901+00:00" hostname="agent-env-f74a692c-23b9-4ba7-b21d-42f8c5059f0f"><testcase classname="tests.test_plugin_license_api" name="test_plugin_activation_rejects_missing_public_client_token" time="0.000"><skipped type="pytest.skip" message="NEXT_PUBLIC_API_URL/REACT_APP_BACKEND_URL is not configured">/tmp/more-phi-landing-page/backend/tests/test_plugin_license_api.py:35: NEXT_PUBLIC_API_URL/REACT_APP_BACKEND_URL is not configured</skipped></testcase><testcase classname="tests.test_plugin_license_api" name="test_plugin_activation_rejects_unknown_license" time="0.000"><skipped type="pytest.skip" message="NEXT_PUBLIC_API_URL/REACT_APP_BACKEND_URL is not configured">/tmp/more-phi-landing-page/backend/tests/test_plugin_license_api.py:50: NEXT_PUBLIC_API_URL/REACT_APP_BACKEND_URL is not configured</skipped></testcase><testcase classname="tests.test_plugin_license_api" name="test_plugin_activate_refresh_deactivate_positive_path" time="0.000"><skipped type="pytest.skip" message="NEXT_PUBLIC_API_URL/REACT_APP_BACKEND_URL is not configured">/tmp/more-phi-landing-page/backend/tests/test_plugin_license_api.py:66: NEXT_PUBLIC_API_URL/REACT_APP_BACKEND_URL is not configured</skipped></testcase></testsuite></testsuites>